build/outputs/logs/manifest-merger-generic-debug-report.txt
-- Merging decision tree log ---
manifest
ADDED from src/main/AndroidManifest.xml:21:1-286:12
INJECTED from src/main/AndroidManifest.xml:21:1-286:12
INJECTED from src/main/AndroidManifest.xml:21:1-286:12
INJECTED from src/main/AndroidManifest.xml:21:1-286:12
MERGED from src/main/AndroidManifest.xml:21:1-286:12
MERGED from [com.google.firebase:firebase-core:11.2.2] AndroidManifest.xml:2:1-6:12
MERGED from [com.android.support:multidex:1.0.2] AndroidManifest.xml:17:1-22:12
MERGED from [com.github.nextcloud:android-library:1.0.40] AndroidManifest.xml:25:1-48:12
MERGED from [com.android.support:design:26.1.0] AndroidManifest.xml:17:1-31:12
MERGED from [com.android.support:appcompat-v7:26.1.0] AndroidManifest.xml:17:1-31:12
MERGED from [com.afollestad:sectioned-recyclerview:0.5.0] AndroidManifest.xml:2:1-14:12
MERGED from [com.android.support:transition:26.1.0] AndroidManifest.xml:17:1-28:12
MERGED from [com.google.firebase:firebase-messaging:11.2.2] AndroidManifest.xml:16:1-30:12
MERGED from [com.google.android.gms:play-services-gcm:11.2.2] AndroidManifest.xml:16:1-24:12
MERGED from [com.google.android.gms:play-services-iid:11.2.2] AndroidManifest.xml:16:1-24:12
MERGED from [com.google.android.gms:play-services-base:11.2.2] AndroidManifest.xml:16:1-21:12
MERGED from [com.google.firebase:firebase-analytics:11.2.2] AndroidManifest.xml:16:1-35:12
MERGED from [com.google.firebase:firebase-analytics-impl:11.2.2] AndroidManifest.xml:16:1-29:12
MERGED from [com.google.firebase:firebase-iid:11.2.2] AndroidManifest.xml:16:1-50:12
MERGED from [com.google.firebase:firebase-common:11.2.2] AndroidManifest.xml:2:1-8:12
MERGED from [com.google.android.gms:play-services-tasks:11.2.2] AndroidManifest.xml:2:1-5:12
MERGED from [com.google.android.gms:play-services-basement:11.2.2] AndroidManifest.xml:16:1-23:12
MERGED from [com.android.support:support-v4:26.1.0] AndroidManifest.xml:17:1-31:12
MERGED from [com.android.support:cardview-v7:26.1.0] AndroidManifest.xml:17:1-28:12
MERGED from [com.android.support:exifinterface:26.1.0] AndroidManifest.xml:17:1-28:12
MERGED from [com.github.tobiasKaminsky:android-floating-action-button:1.10.2] AndroidManifest.xml:2:1-12:12
MERGED from [com.github.evernote:android-job:v1.2.5] AndroidManifest.xml:2:1-65:12
MERGED from [com.jakewharton:butterknife:8.8.1] AndroidManifest.xml:2:1-7:12
MERGED from [com.android.support:animated-vector-drawable:26.1.0] AndroidManifest.xml:17:1-28:12
MERGED from [com.android.support:support-vector-drawable:26.1.0] AndroidManifest.xml:17:1-28:12
MERGED from [com.android.support:recyclerview-v7:26.1.0] AndroidManifest.xml:17:1-28:12
MERGED from [com.android.support:support-fragment:26.1.0] AndroidManifest.xml:17:1-31:12
MERGED from [com.android.support:support-core-ui:26.1.0] AndroidManifest.xml:17:1-31:12
MERGED from [com.android.support:support-media-compat:26.1.0] AndroidManifest.xml:17:1-31:12
MERGED from [com.android.support:support-core-utils:26.1.0] AndroidManifest.xml:17:1-31:12
MERGED from [com.android.support:support-compat:26.1.0] AndroidManifest.xml:17:1-31:12
MERGED from [android.arch.lifecycle:runtime:1.0.0] AndroidManifest.xml:17:1-30:12
INJECTED from src/debug/AndroidManifest.xml:1:1-18:12
INJECTED from src/debug/AndroidManifest.xml:1:1-18:12
INJECTED from src/debug/AndroidManifest.xml:1:1-18:12
	package
		ADDED from src/main/AndroidManifest.xml:22:11-41
		INJECTED from src/main/AndroidManifest.xml
		ADDED from src/main/AndroidManifest.xml:22:11-41
		INJECTED from src/debug/AndroidManifest.xml
	android:versionName
		INJECTED from src/main/AndroidManifest.xml
		ADDED from src/main/AndroidManifest.xml:21:1-286:12
		INJECTED from src/debug/AndroidManifest.xml
	xmlns:tools
		ADDED from src/debug/AndroidManifest.xml:1:11-57
	android:versionCode
		INJECTED from src/main/AndroidManifest.xml
		ADDED from src/main/AndroidManifest.xml:21:1-286:12
		INJECTED from src/debug/AndroidManifest.xml
	xmlns:android
		ADDED from src/main/AndroidManifest.xml:21:11-69
uses-permission#android.permission.GET_ACCOUNTS
ADDED from src/main/AndroidManifest.xml:30:5-32:58
MERGED from [com.github.nextcloud:android-library:1.0.40] AndroidManifest.xml:37:5-39:38
MERGED from [com.github.nextcloud:android-library:1.0.40] AndroidManifest.xml:37:5-39:38
	android:maxSdkVersion
		ADDED from src/main/AndroidManifest.xml:31:9-35
	android:name
		ADDED from src/main/AndroidManifest.xml:32:9-55
uses-permission#android.permission.READ_CONTACTS
ADDED from src/main/AndroidManifest.xml:34:5-35:59
	android:name
		ADDED from src/main/AndroidManifest.xml:35:9-56
uses-permission#android.permission.WRITE_CONTACTS
ADDED from src/main/AndroidManifest.xml:36:5-37:60
	android:name
		ADDED from src/main/AndroidManifest.xml:37:9-57
uses-permission#android.permission.USE_CREDENTIALS
ADDED from src/main/AndroidManifest.xml:41:5-43:61
MERGED from [com.github.nextcloud:android-library:1.0.40] AndroidManifest.xml:43:5-45:38
MERGED from [com.github.nextcloud:android-library:1.0.40] AndroidManifest.xml:43:5-45:38
	android:maxSdkVersion
		ADDED from src/main/AndroidManifest.xml:42:9-35
	android:name
		ADDED from src/main/AndroidManifest.xml:43:9-58
uses-permission#android.permission.MANAGE_ACCOUNTS
ADDED from src/main/AndroidManifest.xml:44:5-46:61
MERGED from [com.github.nextcloud:android-library:1.0.40] AndroidManifest.xml:40:5-42:38
MERGED from [com.github.nextcloud:android-library:1.0.40] AndroidManifest.xml:40:5-42:38
	android:maxSdkVersion
		ADDED from src/main/AndroidManifest.xml:45:9-35
	android:name
		ADDED from src/main/AndroidManifest.xml:46:9-58
uses-permission#android.permission.AUTHENTICATE_ACCOUNTS
ADDED from src/main/AndroidManifest.xml:47:5-49:67
MERGED from [com.github.nextcloud:android-library:1.0.40] AndroidManifest.xml:34:5-36:38
MERGED from [com.github.nextcloud:android-library:1.0.40] AndroidManifest.xml:34:5-36:38
	android:maxSdkVersion
		ADDED from src/main/AndroidManifest.xml:48:9-35
	android:name
		ADDED from src/main/AndroidManifest.xml:49:9-64
uses-permission#android.permission.WRITE_EXTERNAL_STORAGE
ADDED from src/main/AndroidManifest.xml:53:5-81
MERGED from src/main/AndroidManifest.xml:53:5-81
MERGED from src/main/AndroidManifest.xml:53:5-81
	android:name
		ADDED from src/main/AndroidManifest.xml:53:22-78
uses-permission#android.permission.INTERNET
ADDED from src/main/AndroidManifest.xml:56:5-67
MERGED from [com.google.android.gms:play-services-gcm:11.2.2] AndroidManifest.xml:21:5-66
MERGED from [com.google.android.gms:play-services-gcm:11.2.2] AndroidManifest.xml:21:5-66
MERGED from [com.google.android.gms:play-services-iid:11.2.2] AndroidManifest.xml:21:5-66
MERGED from [com.google.android.gms:play-services-iid:11.2.2] AndroidManifest.xml:21:5-66
MERGED from [com.google.firebase:firebase-analytics:11.2.2] AndroidManifest.xml:20:5-66
MERGED from [com.google.firebase:firebase-analytics:11.2.2] AndroidManifest.xml:20:5-66
MERGED from [com.google.firebase:firebase-analytics-impl:11.2.2] AndroidManifest.xml:20:5-66
MERGED from [com.google.firebase:firebase-analytics-impl:11.2.2] AndroidManifest.xml:20:5-66
MERGED from [com.google.firebase:firebase-iid:11.2.2] AndroidManifest.xml:20:5-66
MERGED from [com.google.firebase:firebase-iid:11.2.2] AndroidManifest.xml:20:5-66
	android:name
		ADDED from src/main/AndroidManifest.xml:56:22-64
uses-permission#android.permission.READ_SYNC_STATS
ADDED from src/main/AndroidManifest.xml:57:5-74
	android:name
		ADDED from src/main/AndroidManifest.xml:57:22-71
uses-permission#android.permission.READ_SYNC_SETTINGS
ADDED from src/main/AndroidManifest.xml:58:5-77
	android:name
		ADDED from src/main/AndroidManifest.xml:58:22-74
uses-permission#android.permission.WRITE_SYNC_SETTINGS
ADDED from src/main/AndroidManifest.xml:59:5-78
	android:name
		ADDED from src/main/AndroidManifest.xml:59:22-75
uses-permission#android.permission.BROADCAST_STICKY
ADDED from src/main/AndroidManifest.xml:60:5-75
	android:name
		ADDED from src/main/AndroidManifest.xml:60:22-72
uses-permission#android.permission.ACCESS_NETWORK_STATE
ADDED from src/main/AndroidManifest.xml:61:5-79
MERGED from [com.github.nextcloud:android-library:1.0.40] AndroidManifest.xml:46:5-79
MERGED from [com.github.nextcloud:android-library:1.0.40] AndroidManifest.xml:46:5-79
MERGED from [com.google.firebase:firebase-analytics:11.2.2] AndroidManifest.xml:21:5-78
MERGED from [com.google.firebase:firebase-analytics:11.2.2] AndroidManifest.xml:21:5-78
MERGED from [com.google.firebase:firebase-analytics-impl:11.2.2] AndroidManifest.xml:21:5-78
MERGED from [com.google.firebase:firebase-analytics-impl:11.2.2] AndroidManifest.xml:21:5-78
MERGED from [com.google.firebase:firebase-iid:11.2.2] AndroidManifest.xml:19:5-78
MERGED from [com.google.firebase:firebase-iid:11.2.2] AndroidManifest.xml:19:5-78
MERGED from [com.github.evernote:android-job:v1.2.5] AndroidManifest.xml:13:5-79
MERGED from [com.github.evernote:android-job:v1.2.5] AndroidManifest.xml:13:5-79
	android:name
		ADDED from src/main/AndroidManifest.xml:61:22-76
uses-permission#android.permission.RECEIVE_BOOT_COMPLETED
ADDED from src/main/AndroidManifest.xml:62:5-81
MERGED from [com.github.evernote:android-job:v1.2.5] AndroidManifest.xml:14:5-81
MERGED from [com.github.evernote:android-job:v1.2.5] AndroidManifest.xml:14:5-81
	android:name
		ADDED from src/main/AndroidManifest.xml:62:22-78
uses-permission#android.permission.WAKE_LOCK
ADDED from src/main/AndroidManifest.xml:63:5-68
MERGED from src/main/AndroidManifest.xml:63:5-68
MERGED from src/main/AndroidManifest.xml:63:5-68
MERGED from [com.google.firebase:firebase-analytics:11.2.2] AndroidManifest.xml:22:5-67
MERGED from [com.google.firebase:firebase-analytics:11.2.2] AndroidManifest.xml:22:5-67
MERGED from [com.google.firebase:firebase-analytics-impl:11.2.2] AndroidManifest.xml:22:5-67
MERGED from [com.google.firebase:firebase-analytics-impl:11.2.2] AndroidManifest.xml:22:5-67
MERGED from [com.google.firebase:firebase-iid:11.2.2] AndroidManifest.xml:21:5-67
MERGED from [com.google.firebase:firebase-iid:11.2.2] AndroidManifest.xml:21:5-67
MERGED from [com.github.evernote:android-job:v1.2.5] AndroidManifest.xml:12:5-68
MERGED from [com.github.evernote:android-job:v1.2.5] AndroidManifest.xml:12:5-68
	android:name
		ADDED from src/main/AndroidManifest.xml:63:22-65
uses-permission#android.permission.USE_FINGERPRINT
ADDED from src/main/AndroidManifest.xml:64:5-74
	android:name
		ADDED from src/main/AndroidManifest.xml:64:22-71
uses-permission#android.permission.REQUEST_INSTALL_PACKAGES
ADDED from src/main/AndroidManifest.xml:65:5-83
	android:name
		ADDED from src/main/AndroidManifest.xml:65:22-80
application
ADDED from src/main/AndroidManifest.xml:68:5-284:19
MERGED from src/main/AndroidManifest.xml:68:5-284:19
MERGED from src/main/AndroidManifest.xml:68:5-284:19
MERGED from [com.google.firebase:firebase-core:11.2.2] AndroidManifest.xml:5:5-20
MERGED from [com.google.firebase:firebase-core:11.2.2] AndroidManifest.xml:5:5-20
MERGED from [com.android.support:design:26.1.0] AndroidManifest.xml:25:5-29:19
MERGED from [com.android.support:design:26.1.0] AndroidManifest.xml:25:5-29:19
MERGED from [com.android.support:appcompat-v7:26.1.0] AndroidManifest.xml:25:5-29:19
MERGED from [com.android.support:appcompat-v7:26.1.0] AndroidManifest.xml:25:5-29:19
MERGED from [com.afollestad:sectioned-recyclerview:0.5.0] AndroidManifest.xml:12:5-20
MERGED from [com.afollestad:sectioned-recyclerview:0.5.0] AndroidManifest.xml:12:5-20
MERGED from [com.android.support:transition:26.1.0] AndroidManifest.xml:22:5-26:19
MERGED from [com.android.support:transition:26.1.0] AndroidManifest.xml:22:5-26:19
MERGED from [com.google.firebase:firebase-messaging:11.2.2] AndroidManifest.xml:19:5-29:19
MERGED from [com.google.firebase:firebase-messaging:11.2.2] AndroidManifest.xml:19:5-29:19
MERGED from [com.google.android.gms:play-services-gcm:11.2.2] AndroidManifest.xml:23:5-19
MERGED from [com.google.android.gms:play-services-gcm:11.2.2] AndroidManifest.xml:23:5-19
MERGED from [com.google.android.gms:play-services-iid:11.2.2] AndroidManifest.xml:23:5-19
MERGED from [com.google.android.gms:play-services-iid:11.2.2] AndroidManifest.xml:23:5-19
MERGED from [com.google.android.gms:play-services-base:11.2.2] AndroidManifest.xml:18:5-20:19
MERGED from [com.google.android.gms:play-services-base:11.2.2] AndroidManifest.xml:18:5-20:19
MERGED from [com.google.firebase:firebase-analytics:11.2.2] AndroidManifest.xml:24:5-34:19
MERGED from [com.google.firebase:firebase-analytics:11.2.2] AndroidManifest.xml:24:5-34:19
MERGED from [com.google.firebase:firebase-analytics-impl:11.2.2] AndroidManifest.xml:24:5-28:19
MERGED from [com.google.firebase:firebase-analytics-impl:11.2.2] AndroidManifest.xml:24:5-28:19
MERGED from [com.google.firebase:firebase-iid:11.2.2] AndroidManifest.xml:28:5-49:19
MERGED from [com.google.firebase:firebase-iid:11.2.2] AndroidManifest.xml:28:5-49:19
MERGED from [com.google.firebase:firebase-common:11.2.2] AndroidManifest.xml:4:5-7:19
MERGED from [com.google.firebase:firebase-common:11.2.2] AndroidManifest.xml:4:5-7:19
MERGED from [com.google.android.gms:play-services-tasks:11.2.2] AndroidManifest.xml:4:5-19
MERGED from [com.google.android.gms:play-services-tasks:11.2.2] AndroidManifest.xml:4:5-19
MERGED from [com.google.android.gms:play-services-basement:11.2.2] AndroidManifest.xml:19:5-21:19
MERGED from [com.google.android.gms:play-services-basement:11.2.2] AndroidManifest.xml:19:5-21:19
MERGED from [com.android.support:support-v4:26.1.0] AndroidManifest.xml:25:5-29:19
MERGED from [com.android.support:support-v4:26.1.0] AndroidManifest.xml:25:5-29:19
MERGED from [com.android.support:cardview-v7:26.1.0] AndroidManifest.xml:22:5-26:19
MERGED from [com.android.support:cardview-v7:26.1.0] AndroidManifest.xml:22:5-26:19
MERGED from [com.android.support:exifinterface:26.1.0] AndroidManifest.xml:22:5-26:19
MERGED from [com.android.support:exifinterface:26.1.0] AndroidManifest.xml:22:5-26:19
MERGED from [com.github.tobiasKaminsky:android-floating-action-button:1.10.2] AndroidManifest.xml:10:5-20
MERGED from [com.github.tobiasKaminsky:android-floating-action-button:1.10.2] AndroidManifest.xml:10:5-20
MERGED from [com.github.evernote:android-job:v1.2.5] AndroidManifest.xml:16:5-63:19
MERGED from [com.github.evernote:android-job:v1.2.5] AndroidManifest.xml:16:5-63:19
MERGED from [com.android.support:animated-vector-drawable:26.1.0] AndroidManifest.xml:22:5-26:19
MERGED from [com.android.support:animated-vector-drawable:26.1.0] AndroidManifest.xml:22:5-26:19
MERGED from [com.android.support:support-vector-drawable:26.1.0] AndroidManifest.xml:22:5-26:19
MERGED from [com.android.support:support-vector-drawable:26.1.0] AndroidManifest.xml:22:5-26:19
MERGED from [com.android.support:recyclerview-v7:26.1.0] AndroidManifest.xml:22:5-26:19
MERGED from [com.android.support:recyclerview-v7:26.1.0] AndroidManifest.xml:22:5-26:19
MERGED from [com.android.support:support-fragment:26.1.0] AndroidManifest.xml:25:5-29:19
MERGED from [com.android.support:support-fragment:26.1.0] AndroidManifest.xml:25:5-29:19
MERGED from [com.android.support:support-core-ui:26.1.0] AndroidManifest.xml:25:5-29:19
MERGED from [com.android.support:support-core-ui:26.1.0] AndroidManifest.xml:25:5-29:19
MERGED from [com.android.support:support-media-compat:26.1.0] AndroidManifest.xml:25:5-29:19
MERGED from [com.android.support:support-media-compat:26.1.0] AndroidManifest.xml:25:5-29:19
MERGED from [com.android.support:support-core-utils:26.1.0] AndroidManifest.xml:25:5-29:19
MERGED from [com.android.support:support-core-utils:26.1.0] AndroidManifest.xml:25:5-29:19
MERGED from [com.android.support:support-compat:26.1.0] AndroidManifest.xml:25:5-29:19
MERGED from [com.android.support:support-compat:26.1.0] AndroidManifest.xml:25:5-29:19
MERGED from [android.arch.lifecycle:runtime:1.0.0] AndroidManifest.xml:24:5-28:19
MERGED from [android.arch.lifecycle:runtime:1.0.0] AndroidManifest.xml:24:5-28:19
	android:manageSpaceActivity
		ADDED from src/main/AndroidManifest.xml:78:9-91
		ADDED from src/main/AndroidManifest.xml:78:9-91
	tools:ignore
		ADDED from src/debug/AndroidManifest.xml:17:9-48
	android:roundIcon
		ADDED from src/main/AndroidManifest.xml:71:9-48
		ADDED from src/main/AndroidManifest.xml:71:9-48
	android:icon
		ADDED from src/main/AndroidManifest.xml:70:9-43
		ADDED from src/main/AndroidManifest.xml:70:9-43
	android:networkSecurityConfig
		ADDED from src/main/AndroidManifest.xml:75:9-69
		ADDED from src/main/AndroidManifest.xml:75:9-69
	android:supportsRtl
		ADDED from src/main/AndroidManifest.xml:76:9-35
		ADDED from src/main/AndroidManifest.xml:76:9-35
	android:label
		ADDED from src/main/AndroidManifest.xml:72:9-41
		ADDED from src/main/AndroidManifest.xml:72:9-41
	android:fullBackupContent
		ADDED from src/main/AndroidManifest.xml:73:9-55
		ADDED from src/main/AndroidManifest.xml:73:9-55
	android:testOnly
		ADDED from src/debug/AndroidManifest.xml:15:9-33
	android:allowBackup
		ADDED from src/debug/AndroidManifest.xml:16:9-36
	android:installLocation
		ADDED from src/main/AndroidManifest.xml:77:9-47
		ADDED from src/main/AndroidManifest.xml:77:9-47
	android:theme
		ADDED from src/main/AndroidManifest.xml:74:9-54
		ADDED from src/main/AndroidManifest.xml:74:9-54
	android:name
		ADDED from src/main/AndroidManifest.xml:69:9-32
		ADDED from src/main/AndroidManifest.xml:69:9-32
activity#com.owncloud.android.ui.activity.FileDisplayActivity
ADDED from src/main/AndroidManifest.xml:79:9-89:20
	android:label
		ADDED from src/main/AndroidManifest.xml:81:13-45
	android:configChanges
		ADDED from src/main/AndroidManifest.xml:82:13-59
	android:theme
		ADDED from src/main/AndroidManifest.xml:83:13-65
	android:name
		ADDED from src/main/AndroidManifest.xml:80:13-60
intent-filter#action:name:android.intent.action.MAIN+category:name:android.intent.category.LAUNCHER
ADDED from src/main/AndroidManifest.xml:84:13-88:29
action#android.intent.action.MAIN
ADDED from src/main/AndroidManifest.xml:85:17-69
	android:name
		ADDED from src/main/AndroidManifest.xml:85:25-66
category#android.intent.category.LAUNCHER
ADDED from src/main/AndroidManifest.xml:87:17-77
	android:name
		ADDED from src/main/AndroidManifest.xml:87:27-74
activity#com.owncloud.android.ui.activity.ManageAccountsActivity
ADDED from src/main/AndroidManifest.xml:90:9-72
	android:name
		ADDED from src/main/AndroidManifest.xml:90:19-69
activity#com.owncloud.android.ui.activity.UserInfoActivity
ADDED from src/main/AndroidManifest.xml:91:9-66
	android:name
		ADDED from src/main/AndroidManifest.xml:91:19-63
activity#com.owncloud.android.ui.activity.NotificationsActivity
ADDED from src/main/AndroidManifest.xml:92:9-70
	android:name
		ADDED from src/main/AndroidManifest.xml:92:19-68
activity#com.owncloud.android.ui.activity.ParticipateActivity
ADDED from src/main/AndroidManifest.xml:93:9-69
	android:name
		ADDED from src/main/AndroidManifest.xml:93:19-66
activity#com.owncloud.android.ui.activity.ActivitiesListActivity
ADDED from src/main/AndroidManifest.xml:94:9-95:83
	android:configChanges
		ADDED from src/main/AndroidManifest.xml:95:19-80
	android:name
		ADDED from src/main/AndroidManifest.xml:94:19-69
activity#com.owncloud.android.ui.activity.SyncedFoldersActivity
ADDED from src/main/AndroidManifest.xml:96:9-70
	android:name
		ADDED from src/main/AndroidManifest.xml:96:19-68
activity#com.owncloud.android.ui.activity.UploadFilesActivity
ADDED from src/main/AndroidManifest.xml:97:9-69
	android:name
		ADDED from src/main/AndroidManifest.xml:97:19-66
activity#com.owncloud.android.ui.activity.ExternalSiteWebView
ADDED from src/main/AndroidManifest.xml:98:9-99:83
	android:configChanges
		ADDED from src/main/AndroidManifest.xml:99:19-80
	android:name
		ADDED from src/main/AndroidManifest.xml:98:19-66
activity#com.owncloud.android.ui.activity.ContactsPreferenceActivity
ADDED from src/main/AndroidManifest.xml:100:9-101:50
	android:launchMode
		ADDED from src/main/AndroidManifest.xml:101:13-48
	android:name
		ADDED from src/main/AndroidManifest.xml:100:19-73
activity#com.owncloud.android.ui.activity.ReceiveExternalFilesActivity
ADDED from src/main/AndroidManifest.xml:102:9-117:20
	android:excludeFromRecents
		ADDED from src/main/AndroidManifest.xml:105:19-52
	android:theme
		ADDED from src/main/AndroidManifest.xml:106:19-68
	android:taskAffinity
		ADDED from src/main/AndroidManifest.xml:104:19-42
	android:name
		ADDED from src/main/AndroidManifest.xml:102:19-75
intent-filter#action:name:android.intent.action.SEND+category:name:android.intent.category.DEFAULT+data:mimeType:*/*
ADDED from src/main/AndroidManifest.xml:107:13-111:29
action#android.intent.action.SEND
ADDED from src/main/AndroidManifest.xml:108:17-69
	android:name
		ADDED from src/main/AndroidManifest.xml:108:25-66
category#android.intent.category.DEFAULT
ADDED from src/main/AndroidManifest.xml:109:17-76
	android:name
		ADDED from src/main/AndroidManifest.xml:109:27-73
data
ADDED from src/main/AndroidManifest.xml:110:17-48
	android:mimeType
		ADDED from src/main/AndroidManifest.xml:110:23-45
intent-filter#action:name:android.intent.action.SEND_MULTIPLE+category:name:android.intent.category.DEFAULT+data:mimeType:*/*
ADDED from src/main/AndroidManifest.xml:112:13-116:29
action#android.intent.action.SEND_MULTIPLE
ADDED from src/main/AndroidManifest.xml:113:17-78
	android:name
		ADDED from src/main/AndroidManifest.xml:113:25-75
activity#com.owncloud.android.ui.activity.Preferences
ADDED from src/main/AndroidManifest.xml:118:9-121:20
	android:theme
		ADDED from src/main/AndroidManifest.xml:120:13-50
	android:name
		ADDED from src/main/AndroidManifest.xml:119:13-52
activity#com.owncloud.android.ui.preview.PreviewImageActivity
ADDED from src/main/AndroidManifest.xml:122:9-124:61
	android:theme
		ADDED from src/main/AndroidManifest.xml:124:13-58
	android:name
		ADDED from src/main/AndroidManifest.xml:123:13-60
activity#com.owncloud.android.ui.preview.PreviewVideoActivity
ADDED from src/main/AndroidManifest.xml:125:9-128:64
	android:label
		ADDED from src/main/AndroidManifest.xml:127:13-45
	android:theme
		ADDED from src/main/AndroidManifest.xml:128:13-61
	android:name
		ADDED from src/main/AndroidManifest.xml:126:13-60
service#com.owncloud.android.jobs.NContentObserverJob
ADDED from src/main/AndroidManifest.xml:130:9-133:19
	android:permission
		ADDED from src/main/AndroidManifest.xml:132:13-69
	android:name
		ADDED from src/main/AndroidManifest.xml:131:13-53
service#com.owncloud.android.authentication.AccountAuthenticatorService
ADDED from src/main/AndroidManifest.xml:135:9-145:19
	android:exported
		ADDED from src/main/AndroidManifest.xml:137:13-36
	android:name
		ADDED from src/main/AndroidManifest.xml:136:13-71
intent-filter#action:name:android.accounts.AccountAuthenticator
ADDED from src/main/AndroidManifest.xml:138:13-140:29
	android:priority
		ADDED from src/main/AndroidManifest.xml:138:28-50
action#android.accounts.AccountAuthenticator
ADDED from src/main/AndroidManifest.xml:139:17-80
	android:name
		ADDED from src/main/AndroidManifest.xml:139:25-77
meta-data#android.accounts.AccountAuthenticator
ADDED from src/main/AndroidManifest.xml:142:13-144:57
	android:resource
		ADDED from src/main/AndroidManifest.xml:144:17-54
	android:name
		ADDED from src/main/AndroidManifest.xml:143:17-69
service#com.owncloud.android.syncadapter.FileSyncService
ADDED from src/main/AndroidManifest.xml:147:9-157:19
	android:exported
		ADDED from src/main/AndroidManifest.xml:149:13-36
	android:name
		ADDED from src/main/AndroidManifest.xml:148:13-56
intent-filter#action:name:android.content.SyncAdapter
ADDED from src/main/AndroidManifest.xml:150:13-152:29
action#android.content.SyncAdapter
ADDED from src/main/AndroidManifest.xml:151:17-70
	android:name
		ADDED from src/main/AndroidManifest.xml:151:25-67
meta-data#android.content.SyncAdapter
ADDED from src/main/AndroidManifest.xml:154:13-156:61
	android:resource
		ADDED from src/main/AndroidManifest.xml:156:17-58
	android:name
		ADDED from src/main/AndroidManifest.xml:155:17-59
provider#com.owncloud.android.providers.FileContentProvider
ADDED from src/main/AndroidManifest.xml:159:9-165:39
	android:enabled
		ADDED from src/main/AndroidManifest.xml:162:13-35
	android:authorities
		ADDED from src/main/AndroidManifest.xml:161:13-52
	android:label
		ADDED from src/main/AndroidManifest.xml:164:13-54
	android:syncable
		ADDED from src/main/AndroidManifest.xml:165:13-36
	android:exported
		ADDED from src/main/AndroidManifest.xml:163:13-36
	android:name
		ADDED from src/main/AndroidManifest.xml:160:13-58
provider#com.owncloud.android.providers.UsersAndGroupsSearchProvider
ADDED from src/main/AndroidManifest.xml:167:9-172:68
	android:enabled
		ADDED from src/main/AndroidManifest.xml:170:13-35
	android:authorities
		ADDED from src/main/AndroidManifest.xml:169:13-76
	android:label
		ADDED from src/main/AndroidManifest.xml:172:13-65
	android:exported
		ADDED from src/main/AndroidManifest.xml:171:13-37
	android:name
		ADDED from src/main/AndroidManifest.xml:168:13-67
provider#com.owncloud.android.providers.DocumentsStorageProvider
ADDED from src/main/AndroidManifest.xml:174:9-184:20
	android:grantUriPermissions
		ADDED from src/main/AndroidManifest.xml:178:13-47
	android:enabled
		ADDED from src/main/AndroidManifest.xml:180:13-50
	android:authorities
		ADDED from src/main/AndroidManifest.xml:176:13-70
	android:exported
		ADDED from src/main/AndroidManifest.xml:177:13-36
	android:permission
		ADDED from src/main/AndroidManifest.xml:179:13-69
	android:name
		ADDED from src/main/AndroidManifest.xml:175:13-63
intent-filter#action:name:android.content.action.DOCUMENTS_PROVIDER
ADDED from src/main/AndroidManifest.xml:181:13-183:29
action#android.content.action.DOCUMENTS_PROVIDER
ADDED from src/main/AndroidManifest.xml:182:17-84
	android:name
		ADDED from src/main/AndroidManifest.xml:182:25-81
provider#android.support.v4.content.FileProvider
ADDED from src/main/AndroidManifest.xml:187:9-195:20
	android:grantUriPermissions
		ADDED from src/main/AndroidManifest.xml:190:13-47
	android:authorities
		ADDED from src/main/AndroidManifest.xml:189:13-66
	android:exported
		ADDED from src/main/AndroidManifest.xml:191:13-37
	android:name
		ADDED from src/main/AndroidManifest.xml:188:13-67
meta-data#android.support.FILE_PROVIDER_PATHS
ADDED from src/main/AndroidManifest.xml:192:13-194:61
	android:resource
		ADDED from src/main/AndroidManifest.xml:194:17-58
	android:name
		ADDED from src/main/AndroidManifest.xml:193:17-67
provider#com.owncloud.android.providers.DiskLruImageCacheFileProvider
ADDED from src/main/AndroidManifest.xml:197:9-201:20
	android:authorities
		ADDED from src/main/AndroidManifest.xml:199:13-73
	android:exported
		ADDED from src/main/AndroidManifest.xml:200:13-36
	android:name
		ADDED from src/main/AndroidManifest.xml:198:13-68
activity#com.owncloud.android.authentication.AuthenticatorActivity
ADDED from src/main/AndroidManifest.xml:203:9-228:20
	android:launchMode
		ADDED from src/main/AndroidManifest.xml:206:13-44
	android:exported
		ADDED from src/main/AndroidManifest.xml:205:13-36
	android:configChanges
		ADDED from src/main/AndroidManifest.xml:207:13-74
	android:theme
		ADDED from src/main/AndroidManifest.xml:208:13-68
	android:name
		ADDED from src/main/AndroidManifest.xml:204:13-65
intent-filter#action:name:android.intent.action.VIEW+category:name:android.intent.category.BROWSABLE+category:name:android.intent.category.DEFAULT+data:scheme:@string/oauth2_redirect_scheme
ADDED from src/main/AndroidManifest.xml:209:13-216:29
action#android.intent.action.VIEW
ADDED from src/main/AndroidManifest.xml:210:17-69
	android:name
		ADDED from src/main/AndroidManifest.xml:210:25-66
category#android.intent.category.BROWSABLE
ADDED from src/main/AndroidManifest.xml:213:17-78
	android:name
		ADDED from src/main/AndroidManifest.xml:213:27-75
intent-filter#action:name:com.owncloud.android.workaround.accounts.CREATE+category:name:android.intent.category.DEFAULT
ADDED from src/main/AndroidManifest.xml:217:13-221:29
action#com.owncloud.android.workaround.accounts.CREATE
ADDED from src/main/AndroidManifest.xml:218:17-90
	android:name
		ADDED from src/main/AndroidManifest.xml:218:25-87
intent-filter#action:name:android.intent.action.VIEW+category:name:android.intent.category.BROWSABLE+category:name:android.intent.category.DEFAULT+data:host:login+data:scheme:@string/login_data_own_scheme
ADDED from src/main/AndroidManifest.xml:222:13-227:29
service#com.owncloud.android.services.OperationsService
ADDED from src/main/AndroidManifest.xml:230:9-63
	android:name
		ADDED from src/main/AndroidManifest.xml:230:18-60
service#com.owncloud.android.files.services.FileDownloader
ADDED from src/main/AndroidManifest.xml:231:9-66
	android:name
		ADDED from src/main/AndroidManifest.xml:231:18-63
service#com.owncloud.android.files.services.FileUploader
ADDED from src/main/AndroidManifest.xml:232:9-64
	android:name
		ADDED from src/main/AndroidManifest.xml:232:18-61
service#com.owncloud.android.media.MediaService
ADDED from src/main/AndroidManifest.xml:233:9-55
	android:name
		ADDED from src/main/AndroidManifest.xml:233:18-52
activity#com.owncloud.android.ui.activity.PassCodeActivity
ADDED from src/main/AndroidManifest.xml:235:9-66
	android:name
		ADDED from src/main/AndroidManifest.xml:235:19-63
activity#com.owncloud.android.ui.activity.FingerprintActivity
ADDED from src/main/AndroidManifest.xml:236:9-68
	android:name
		ADDED from src/main/AndroidManifest.xml:236:19-66
activity#com.owncloud.android.ui.activity.ConflictsResolveActivity
ADDED from src/main/AndroidManifest.xml:237:9-73
	android:name
		ADDED from src/main/AndroidManifest.xml:237:19-71
activity#com.owncloud.android.ui.activity.GenericExplanationActivity
ADDED from src/main/AndroidManifest.xml:238:9-75
	android:name
		ADDED from src/main/AndroidManifest.xml:238:19-73
activity#com.owncloud.android.ui.activity.ErrorsWhileCopyingHandlerActivity
ADDED from src/main/AndroidManifest.xml:239:9-82
	android:name
		ADDED from src/main/AndroidManifest.xml:239:19-80